[27/6/2015][23:53:34] Rafael_Corroto make leader Vadim_Bessono ¹ 18
[27/6/2015][23:53:39] Rafael_Corroto make leader Rafael_Corroto ¹ 17
[28/6/2015][0:51:48] Rafael_Corroto make leader Rafael_Corroto ¹ 17
[28/6/2015][4:23:48] Rafael_Corroto make leader Natus_Vincere ¹ 18
[29/6/2015][16:9:54] Rafael_Corroto make leader Rafael_Corroto ¹ 13
[29/6/2015][16:10:1] Rafael_Corroto make leader Rafael_Corroto ¹ 12
[30/6/2015][10:27:45] Rafael_Corroto unleader Rafael_Corroto
[30/6/2015][10:30:30] Rafael_Corroto make leader Rafael_Corroto ¹ 7
[4/7/2015][20:59:31] Rafael_Corroto unleader Rafael_Corroto
[4/7/2015][20:59:34] Rafael_Corroto make leader Rafael_Corroto ¹ 13
[4/7/2015][21:2:54] Rafael_Corroto unleader Rafael_Corroto
[4/7/2015][21:2:57] Rafael_Corroto make leader Rafael_Corroto ¹ 7
[4/7/2015][21:3:26] Rafael_Corroto unleader Rafael_Corroto
[4/7/2015][21:6:0] Rafael_Corroto make leader Rafael_Corroto ¹ 7
[4/7/2015][21:6:47] Rafael_Corroto unleader Rafael_Corroto
[4/7/2015][21:6:51] Rafael_Corroto make leader Rafael_Corroto ¹ 13
[5/7/2015][0:16:55] Rafael_Corroto unleader Rafael_Corroto
[5/7/2015][0:21:2] Eric_Myrrey make leader Eric_Myrrey ¹ 2
[5/7/2015][0:21:20] Eric_Myrrey unleader Eric_Myrrey
[5/7/2015][0:21:22] Eric_Myrrey make leader Eric_Myrrey ¹ 4
[5/7/2015][0:21:26] Eric_Myrrey unleader Eric_Myrrey
[5/7/2015][0:21:28] Eric_Myrrey make leader Eric_Myrrey ¹ 5
[5/7/2015][0:21:32] Eric_Myrrey unleader Eric_Myrrey
[5/7/2015][0:21:35] Eric_Myrrey make leader Eric_Myrrey ¹ 6
[5/7/2015][0:21:39] Eric_Myrrey unleader Eric_Myrrey
[5/7/2015][0:21:42] Eric_Myrrey make leader Eric_Myrrey ¹ 7
[5/7/2015][0:21:48] Eric_Myrrey unleader Eric_Myrrey
[5/7/2015][0:21:51] Eric_Myrrey make leader Eric_Myrrey ¹ 8
[5/7/2015][0:22:0] Eric_Myrrey unleader Eric_Myrrey
[5/7/2015][0:22:4] Eric_Myrrey make leader Eric_Myrrey ¹ 9
[5/7/2015][0:22:8] Eric_Myrrey unleader Eric_Myrrey
[5/7/2015][0:22:10] Eric_Myrrey make leader Eric_Myrrey ¹ 10
[5/7/2015][0:35:0] Eric_Myrrey unleader Eric_Myrrey
[5/7/2015][0:35:3] Eric_Myrrey make leader Eric_Myrrey ¹ 10
[5/7/2015][0:35:7] Eric_Myrrey unleader Eric_Myrrey
[5/7/2015][0:35:9] Eric_Myrrey make leader Eric_Myrrey ¹ 11
[5/7/2015][0:35:15] Eric_Myrrey unleader Eric_Myrrey
[5/7/2015][0:35:18] Eric_Myrrey make leader Eric_Myrrey ¹ 12
[5/7/2015][0:35:21] Eric_Myrrey unleader Eric_Myrrey
[5/7/2015][0:35:23] Eric_Myrrey make leader Eric_Myrrey ¹ 13
[5/7/2015][0:35:30] Eric_Myrrey unleader Eric_Myrrey
[5/7/2015][0:35:33] Eric_Myrrey make leader Eric_Myrrey ¹ 14
[5/7/2015][0:35:36] Eric_Myrrey unleader Eric_Myrrey
[5/7/2015][0:35:40] Eric_Myrrey make leader Eric_Myrrey ¹ 15
[5/7/2015][0:35:41] Eric_Myrrey unleader Eric_Myrrey
[5/7/2015][0:35:46] Eric_Myrrey make leader Eric_Myrrey ¹ 16
[5/7/2015][0:35:49] Eric_Myrrey unleader Eric_Myrrey
[5/7/2015][0:35:52] Eric_Myrrey make leader Eric_Myrrey ¹ 17
[5/7/2015][0:35:54] Eric_Myrrey unleader Eric_Myrrey
[5/7/2015][0:35:58] Eric_Myrrey make leader Eric_Myrrey ¹ 18
[5/7/2015][0:36:0] Eric_Myrrey unleader Eric_Myrrey
[5/7/2015][0:36:4] Eric_Myrrey make leader Eric_Myrrey ¹ 19
[6/7/2015][22:7:31] Rafael_Corroto make leader Rafael_Corroto ¹ 1
[6/7/2015][22:8:24] Rafael_Corroto unleader Rafael_Corroto
[7/7/2015][3:57:10] Rafael_Corroto make leader Rafael_Corroto ¹ 22
[7/7/2015][4:39:40] Rafael_Corroto unleader Rafael_Corroto
[7/7/2015][4:41:0] Rafael_Corroto make leader Rafael_Corroto ¹ 18
[7/7/2015][4:41:54] Rafael_Corroto make leader Test_Test ¹ 17
[7/7/2015][4:42:24] Rafael_Corroto unleader Rafael_Corroto
[7/7/2015][4:42:26] Rafael_Corroto unleader Test_Test
[7/7/2015][4:47:27] Rafael_Corroto make leader Rafael_Corroto ¹ 22
[7/7/2015][4:49:49] Rafael_Corroto unleader Rafael_Corroto
[9/7/2015][11:56:1] Rafael_Corroto make leader Rafael_Corroto ¹ 12
[9/7/2015][11:56:48] Rafael_Corroto unleader Rafael_Corroto
[9/7/2015][11:56:50] Rafael_Corroto make leader Rafael_Corroto ¹ 17
[9/7/2015][11:57:3] Rafael_Corroto unleader Rafael_Corroto
[9/7/2015][12:18:49] Rafael_Corroto make leader Rafael_Corroto ¹ 17
[10/7/2015][5:29:31] Rafael_Corroto unleader Rafael_Corroto
[10/7/2015][13:7:41] Rafael_Corroto make leader Rafael_Corroto ¹ 1
[10/7/2015][13:10:1] Rafael_Corroto unleader Rafael_Corroto
[10/7/2015][13:10:4] Rafael_Corroto make leader Rafael_Corroto ¹ 17
[11/7/2015][11:31:47] Rafael_Corroto unleader Rafael_Corroto
[11/7/2015][12:21:12] Rafael_Corroto make leader Rafael_Corroto ¹ 2
[11/7/2015][12:21:28] Rafael_Corroto unleader Rafael_Corroto
[11/7/2015][12:21:45] Rafael_Corroto make leader Rafael_Corroto ¹ 12
[11/7/2015][12:53:1] Rafael_Corroto unleader Rafael_Corroto
[11/7/2015][14:1:51] Rafael_Corroto make leader Rafael_Corroto ¹ 2
[11/7/2015][16:32:55] Rafael_Corroto unleader Rafael_Corroto
[11/7/2015][16:32:57] Rafael_Corroto make leader Rafael_Corroto ¹ 2
[11/7/2015][16:33:28] Rafael_Corroto unleader Rafael_Corroto
[12/7/2015][10:26:18] Rafael_Corroto make leader Rafael_Corroto ¹ 18
[12/7/2015][10:26:38] Rafael_Corroto unleader Rafael_Corroto
[12/7/2015][14:17:51] Rafael_Corroto make leader Rafael_Corroto ¹ 12
[13/7/2015][7:43:35] Rafael_Corroto unleader Rafael_Corroto
[13/7/2015][7:43:46] Rafael_Corroto make leader Rafael_Corroto ¹ 17
[13/7/2015][8:15:15] Rafael_Corroto unleader Rafael_Corroto
[13/7/2015][8:15:19] Rafael_Corroto make leader Rafael_Corroto ¹ 7
[14/7/2015][15:7:48] Rafael_Corroto unleader Rafael_Corroto
[14/7/2015][15:7:51] Rafael_Corroto make leader Rafael_Corroto ¹ 24
