[26/6/2015][23/25/38]  Rafael_Corroto make admin Vadim_Bessono LEVEL: 6
[29/6/2015][3:55:51]  Rafael_Corroto make helper Rafael_Corroto LEVEL: 4
[29/6/2015][3:58:34]  Rafael_Corroto make helper Natus_Vincere LEVEL: 4
[29/6/2015][4:0:44]  Natus_Vincere make helper Rafael_Corroto LEVEL: 4
[29/6/2015][4:1:18]  Natus_Vincere make helper Rafael_Corroto LEVEL: 1
[29/6/2015][4:4:40]  Rafael_Corroto make helper Rafael_Corroto LEVEL: 4
[29/6/2015][4:5:49]  Rafael_Corroto make helper Natus_Vincere LEVEL: 0
[29/6/2015][20:4:10]  Rafael_Corroto make helper Vadim_Bessono LEVEL: 4
[29/6/2015][20:5:49]  Vadim_Bessono make helper Vadim_Bessono LEVEL: 0
[5/7/2015][0:17:26]  Rafael_Corroto make admin Eric_Myrrey LEVEL: 7
[8/7/2015][9:28:59]  Rafael_Corroto make admin Rafael_Corroto LEVEL: 0
[24/8/2015][14:3:0]  Rafael_Corroto make admin Alexander_Sergeev LEVEL: 6
[24/8/2015][14:5:2]  Rafael_Corroto make admin Mike_Thomson LEVEL: 6
[24/8/2015][14:14:27]  Rafael_Corroto make admin Mike_Thomson LEVEL: 7
[24/8/2015][14:17:25]  Rafael_Corroto make admin Mike_Thomson LEVEL: 0
[24/8/2015][14:18:28]  Rafael_Corroto make admin Mike_Thomson LEVEL: 7
[13/12/2015][18:52:12]  Jeffery_Walker make helper Jeffery_Walker LEVEL: 4
[15/12/2015][17:54:37]  Jeffery_Walker make admin Felips_Walker LEVEL: 7
[16/12/2015][15:15:46]  Rafael_Corroto make helper Rafael_Corroto LEVEL: 4
[26/12/2015][14:20:29]  Jeffery_Walker make admin El_Woody LEVEL: 7
[29/12/2015][13:45:5] Jeffery_Walker off admin Felips_Walker
[30/12/2015][12:51:53]  Rafael_Corroto make admin Jeffery_Walker LEVEL: 1
[30/12/2015][12:52:28]  Rafael_Corroto make admin Jeffery_Walker LEVEL: 0
[30/12/2015][12:52:44]  Rafael_Corroto make helper Jeffery_Walker LEVEL: 0
[30/12/2015][12:54:40]  Rafael_Corroto make helper Jeffery_Walker LEVEL: 4
[30/12/2015][12:55:0]  Rafael_Corroto make admin Jeffery_Walker LEVEL: 1
[30/12/2015][12:55:4]  Rafael_Corroto make admin Jeffery_Walker LEVEL: 7
[30/12/2015][15:18:10]  Jeffery_Walker make admin El_Woody LEVEL: 0
[30/12/2015][15:18:16]  Jeffery_Walker make admin El_Woody LEVEL: 7
[30/12/2015][20:47:26]  Rafael_Corroto make admin Mariano_Corsetti LEVEL: 7
[30/12/2015][20:47:38]  Rafael_Corroto make admin Monneti_Givergen LEVEL: 7
[30/12/2015][20:47:48]  Mariano_Corsetti make admin Monneti_Givergen LEVEL: 7
[31/12/2015][10:55:26]  Mariano_Corsetti make helper Mariano_Corsetti LEVEL: 4
[3/1/2016][21:26:27]  Carlos_Corroto make admin Felips_Walker LEVEL: 7
[3/1/2016][21:39:11]  Carlos_Corroto make admin Felips_Walker LEVEL: 7
[7/1/2016][20:40:56]  Carlos_Corroto make admin Mariano_Corsetti LEVEL: 10
[7/1/2016][20:42:53]  Carlos_Corroto make admin Mariano_Corsetti LEVEL: 10
[7/1/2016][20:43:1]  Carlos_Corroto make admin Carlos_Corroto LEVEL: 10
[7/1/2016][20:53:39]  Carlos_Corroto make admin Carlos_Corroto LEVEL: 2
[15/1/2016][3:24:9]  Carlos_Corroto make admin Carlos_Corroto LEVEL: 0
[15/1/2016][3:26:52]  Carlos_Corroto make admin Carlos_Corroto LEVEL: 0
[15/1/2016][3:35:3]  Carlos_Corroto make admin Carlos_Corroto LEVEL: 0
[15/1/2016][4:2:14]  Carlos_Corroto make admin Carlos_Corroto LEVEL: 0
[15/1/2016][4:5:17]  Carlos_Corroto make admin Carlos_Corroto LEVEL: 0
[15/1/2016][4:16:29]  Carlos_Corroto make admin Carlos_Corroto LEVEL: 0
[30/1/2016][20:35:42]  Carlos_Corroto make admin John_Newton LEVEL: 10
[30/1/2016][20:35:53]  Carlos_Corroto make admin Carlos_Corroto LEVEL: 10
[1/2/2016][13:5:48]  Carlos_Corroto make admin Dima_Korotkov LEVEL: 10
[3/2/2016][22:1:9]  Carlos_Corroto make admin Alexandro_Casual LEVEL: 10
[4/2/2016][13:48:59]  Carlos_Corroto make admin Carlos_Corroto LEVEL: 10
[4/2/2016][13:49:6]  Carlos_Corroto make admin Test_Test LEVEL: 10
[28/1/2017][22:52:44]  Ewil_Capone make admin Ewil_Caponer LEVEL: 10
[29/1/2017][0:46:6]  Ewil_Capone make admin Ewil_Caponer LEVEL: 0
[29/1/2017][0:58:6]  Ewil_Capone make admin Ewil_Caponer LEVEL: 10
[29/1/2017][17:30:37]  Ewil_Capone make admin Ewil_Caponer LEVEL: 0
