[22/7/2015][12:18:26] Rafael_Corroto unleader Rafael_Corroto
[24/8/2015][14:8:50] Mike_Thomson make leader Mike_Thomson ¹ 23
[24/8/2015][14:8:58] Mike_Thomson unleader Mike_Thomson
[24/8/2015][14:9:3] Mike_Thomson make leader Mike_Thomson ¹ 2
[24/8/2015][14:9:55] Mike_Thomson unleader Mike_Thomson
[24/8/2015][14:10:28] Mike_Thomson make leader Rafael_Corroto ¹ 15
[24/8/2015][14:10:34] Mike_Thomson make leader Mike_Thomson ¹ 15
[24/8/2015][14:10:37] Rafael_Corroto unleader Rafael_Corroto
[24/8/2015][14:12:57] Mike_Thomson unleader Mike_Thomson
[24/8/2015][14:13:0] Mike_Thomson make leader Mike_Thomson ¹ 1
[24/8/2015][14:14:25] Rafael_Corroto unleader Mike_Thomson
[24/8/2015][14:16:23] Mike_Thomson make leader Mike_Thomson ¹ 1
[24/8/2015][14:17:22] Rafael_Corroto unleader Mike_Thomson
[24/8/2015][14:17:34] Rafael_Corroto make leader Rafael_Corroto ¹ 2
[24/8/2015][14:17:40] Rafael_Corroto make leader Mike_Thomson ¹ 2
[24/8/2015][14:17:46] Rafael_Corroto unleader Rafael_Corroto
[24/8/2015][14:18:25] Rafael_Corroto unleader Mike_Thomson
[24/8/2015][14:20:17] Mike_Thomson make leader Mike_Thomson ¹ 7
[26/8/2015][9:15:46] Rafael_Corroto make leader Rafael_Corroto ¹ 17
[26/8/2015][9:22:11] Rafael_Corroto unleader Rafael_Corroto
[26/8/2015][9:22:16] Rafael_Corroto make leader Rafael_Corroto ¹ 13
[26/8/2015][9:22:23] Rafael_Corroto unleader Rafael_Corroto
[26/8/2015][9:22:26] Rafael_Corroto make leader Rafael_Corroto ¹ 12
[26/8/2015][9:30:34] Rafael_Corroto unleader Rafael_Corroto
[26/8/2015][9:53:4] Rafael_Corroto make leader Rafael_Corroto ¹ 18
[26/8/2015][9:53:11] Rafael_Corroto unleader Rafael_Corroto
[26/8/2015][9:53:18] Rafael_Corroto make leader Rafael_Corroto ¹ 15
[26/8/2015][9:53:22] Rafael_Corroto unleader Rafael_Corroto
[26/8/2015][9:53:24] Rafael_Corroto make leader Rafael_Corroto ¹ 16
[26/8/2015][9:53:27] Rafael_Corroto unleader Rafael_Corroto
[26/8/2015][9:53:38] Rafael_Corroto make leader Rafael_Corroto ¹ 14
[27/8/2015][9:38:10] Rafael_Corroto unleader Rafael_Corroto
[29/8/2015][21:25:59] Rafael_Corroto make leader Rafael_Corroto ¹ 2
[29/8/2015][21:26:4] Rafael_Corroto unleader Rafael_Corroto
[29/8/2015][21:26:6] Rafael_Corroto make leader Rafael_Corroto ¹ 1
[29/8/2015][22:48:39] Rafael_Corroto unleader Rafael_Corroto
[29/8/2015][22:48:43] Rafael_Corroto make leader Rafael_Corroto ¹ 11
[29/8/2015][22:48:52] Rafael_Corroto unleader Rafael_Corroto
[13/12/2015][18:54:10] Jeffery_Walker make leader Jeffery_Walker ¹ 24
[13/12/2015][19:0:29] Jeffery_Walker unleader Jeffery_Walker
[14/12/2015][17:45:28] Jeffery_Walker make leader Jeffery_Walker ¹ 2
[14/12/2015][17:46:30] Jeffery_Walker unleader Jeffery_Walker
[14/12/2015][17:46:38] Jeffery_Walker make leader Jeffery_Walker ¹ 15
[14/12/2015][17:59:47] Jeffery_Walker unleader Jeffery_Walker
[14/12/2015][17:59:48] Jeffery_Walker make leader Jeffery_Walker ¹ 8
[14/12/2015][17:59:51] Jeffery_Walker unleader Jeffery_Walker
[14/12/2015][17:59:54] Jeffery_Walker make leader Jeffery_Walker ¹ 9
[14/12/2015][18:3:5] Jeffery_Walker unleader Jeffery_Walker
[14/12/2015][18:3:8] Jeffery_Walker make leader Jeffery_Walker ¹ 11
[14/12/2015][18:3:10] Jeffery_Walker unleader Jeffery_Walker
[14/12/2015][18:3:12] Jeffery_Walker make leader Jeffery_Walker ¹ 12
[14/12/2015][18:3:13] Jeffery_Walker unleader Jeffery_Walker
[14/12/2015][18:3:16] Jeffery_Walker make leader Jeffery_Walker ¹ 17
[14/12/2015][18:3:18] Jeffery_Walker unleader Jeffery_Walker
[14/12/2015][18:3:21] Jeffery_Walker make leader Jeffery_Walker ¹ 18
[14/12/2015][18:3:23] Jeffery_Walker unleader Jeffery_Walker
[14/12/2015][18:3:25] Jeffery_Walker make leader Jeffery_Walker ¹ 9
[14/12/2015][18:3:27] Jeffery_Walker unleader Jeffery_Walker
[14/12/2015][18:3:29] Jeffery_Walker make leader Jeffery_Walker ¹ 19
[14/12/2015][18:3:31] Jeffery_Walker unleader Jeffery_Walker
[14/12/2015][18:3:33] Jeffery_Walker make leader Jeffery_Walker ¹ 20
[14/12/2015][18:8:31] Jeffery_Walker unleader Jeffery_Walker
[14/12/2015][18:23:49] Jeffery_Walker make leader Jeffery_Walker ¹ 6
[14/12/2015][18:23:54] Jeffery_Walker unleader Jeffery_Walker
[14/12/2015][18:23:56] Jeffery_Walker make leader Jeffery_Walker ¹ 7
[14/12/2015][18:23:58] Jeffery_Walker unleader Jeffery_Walker
[14/12/2015][18:24:0] Jeffery_Walker make leader Jeffery_Walker ¹ 5
[14/12/2015][18:24:1] Jeffery_Walker unleader Jeffery_Walker
[14/12/2015][18:24:3] Jeffery_Walker make leader Jeffery_Walker ¹ 6
[14/12/2015][18:24:5] Jeffery_Walker unleader Jeffery_Walker
[14/12/2015][18:24:8] Jeffery_Walker make leader Jeffery_Walker ¹ 8
[14/12/2015][18:24:51] Jeffery_Walker unleader Jeffery_Walker
[14/12/2015][18:24:59] Jeffery_Walker make leader Jeffery_Walker ¹ 10
[14/12/2015][18:25:1] Jeffery_Walker unleader Jeffery_Walker
[14/12/2015][18:25:3] Jeffery_Walker make leader Jeffery_Walker ¹ 11
[14/12/2015][18:25:35] Jeffery_Walker unleader Jeffery_Walker
[14/12/2015][18:25:44] Jeffery_Walker make leader Jeffery_Walker ¹ 1
[14/12/2015][18:25:58] Jeffery_Walker unleader Jeffery_Walker
[14/12/2015][18:26:3] Jeffery_Walker make leader Jeffery_Walker ¹ 11
[15/12/2015][17:56:35] Jeffery_Walker unleader Jeffery_Walker
[15/12/2015][18:1:46] Felips_Walker make leader Jeffery_Walker ¹ 1
[15/12/2015][18:1:52] Felips_Walker make leader Rafael_Corroto ¹ 1
[15/12/2015][18:1:57] Felips_Walker make leader Felips_Walker ¹ 1
[15/12/2015][18:2:10] Felips_Walker unleader Felips_Walker
[15/12/2015][18:2:12] Felips_Walker make leader Felips_Walker ¹ 24
[15/12/2015][18:2:41] Jeffery_Walker unleader Jeffery_Walker
[15/12/2015][18:3:12] Jeffery_Walker unleader Felips_Walker
[15/12/2015][18:3:14] Felips_Walker make leader Felips_Walker ¹ 12
[15/12/2015][18:3:17] Jeffery_Walker make leader Jeffery_Walker ¹ 15
[15/12/2015][18:5:52] Rafael_Corroto unleader Rafael_Corroto
[15/12/2015][18:5:59] Jeffery_Walker unleader Jeffery_Walker
[15/12/2015][18:48:20] Jeffery_Walker make leader Jeffery_Walker ¹ 15
[15/12/2015][18:48:30] Rafael_Corroto make leader Rafael_Corroto ¹ 18
[15/12/2015][18:51:43] Jeffery_Walker unleader Jeffery_Walker
[15/12/2015][18:51:48] Jeffery_Walker make leader Jeffery_Walker ¹ 2
[15/12/2015][18:52:5] Jeffery_Walker unleader Rafael_Corroto
[15/12/2015][18:52:9] Jeffery_Walker make leader Rafael_Corroto ¹ 1
[15/12/2015][18:52:34] Jeffery_Walker unleader Rafael_Corroto
[15/12/2015][18:52:36] Jeffery_Walker unleader Jeffery_Walker
[15/12/2015][18:52:49] Jeffery_Walker make leader Jeffery_Walker ¹ 1
[15/12/2015][18:54:44] Jeffery_Walker unleader Jeffery_Walker
[15/12/2015][18:54:47] Jeffery_Walker make leader Jeffery_Walker ¹ 2
[15/12/2015][19:0:42] Jeffery_Walker unleader Jeffery_Walker
[15/12/2015][19:0:51] Jeffery_Walker make leader Jeffery_Walker ¹ 15
[15/12/2015][19:1:9] Rafael_Corroto make leader Rafael_Corroto ¹ 2
[15/12/2015][19:1:23] Jeffery_Walker unleader Rafael_Corroto
[15/12/2015][19:1:27] Jeffery_Walker make leader Rafael_Corroto ¹ 18
[16/12/2015][2:30:25] Rafael_Corroto unleader Rafael_Corroto
[16/12/2015][15:3:19] Rafael_Corroto make leader Rafael_Corroto ¹ 18
[16/12/2015][15:15:18] Rafael_Corroto unleader Rafael_Corroto
[16/12/2015][15:57:55] Jeffery_Walker unleader Jeffery_Walker
[16/12/2015][15:58:1] Jeffery_Walker make leader Jeffery_Walker ¹ 7
[16/12/2015][16:30:42] Jeffery_Walker unleader Jeffery_Walker
[16/12/2015][16:30:44] Jeffery_Walker make leader Jeffery_Walker ¹ 11
[16/12/2015][16:30:47] Jeffery_Walker unleader Jeffery_Walker
[16/12/2015][16:30:51] Jeffery_Walker make leader Jeffery_Walker ¹ 2
[16/12/2015][16:36:10] Jeffery_Walker unleader Jeffery_Walker
[27/12/2015][9:0:7] Rafael_Corroto make leader Rafael_Corroto ¹ 1
[27/12/2015][9:0:15] Rafael_Corroto unleader Rafael_Corroto
[27/12/2015][9:0:24] Rafael_Corroto make leader Rafael_Corroto ¹ 19
[27/12/2015][9:0:27] Rafael_Corroto unleader Rafael_Corroto
[27/12/2015][9:0:41] Rafael_Corroto make leader Rafael_Corroto ¹ 16
[27/12/2015][10:0:38] Rafael_Corroto unleader Rafael_Corroto
[28/12/2015][11:39:39] Rafael_Corroto make leader Rafael_Corroto ¹ 15
[28/12/2015][11:39:45] Rafael_Corroto unleader Rafael_Corroto
[28/12/2015][11:39:47] Rafael_Corroto make leader Rafael_Corroto ¹ 16
[28/12/2015][11:39:52] Rafael_Corroto unleader Rafael_Corroto
[28/12/2015][11:39:55] Rafael_Corroto make leader Rafael_Corroto ¹ 14
[29/12/2015][11:33:48] Rafael_Corroto unleader Rafael_Corroto
[29/12/2015][13:29:27] Rafael_Corroto make leader Rafael_Corroto ¹ 1
[29/12/2015][13:31:9] Jeffery_Walker make leader Jeffery_Walker ¹ 12
[29/12/2015][13:38:7] Jeffery_Walker unleader Rafael_Corroto
[29/12/2015][13:38:13] Jeffery_Walker make leader Rafael_Corroto ¹ 13
[29/12/2015][13:49:48] Rafael_Corroto unleader Rafael_Corroto
[29/12/2015][13:54:7] Jeffery_Walker unleader Jeffery_Walker
[29/12/2015][13:54:9] Jeffery_Walker make leader Jeffery_Walker ¹ 6
[29/12/2015][13:57:30] Jeffery_Walker make leader Rafael_Corroto ¹ 5
[29/12/2015][14:18:28] Jeffery_Walker unleader Rafael_Corroto
[29/12/2015][14:18:30] Jeffery_Walker unleader Jeffery_Walker
[29/12/2015][15:6:32] Jeffery_Walker off leader Felips_Walker
[29/12/2015][15:7:41] Jeffery_Walker make leader Jeffery_Walker ¹ 12
[30/12/2015][11:9:2] Rafael_Corroto make leader Veela_Veela ¹ 1
[30/12/2015][11:9:42] Rafael_Corroto unleader Veela_Veela
[30/12/2015][11:9:49] Rafael_Corroto make leader Rafael_Corroto ¹ 14
[30/12/2015][11:9:56] Rafael_Corroto unleader Rafael_Corroto
[30/12/2015][11:10:4] Rafael_Corroto make leader Veela_Veela ¹ 12
[30/12/2015][11:23:36] Jeffery_Walker unleader Jeffery_Walker
[30/12/2015][11:31:23] Rafael_Corroto unleader Veela_Veela
[30/12/2015][11:31:26] Rafael_Corroto make leader Veela_Veela ¹ 1
[30/12/2015][11:33:2] Rafael_Corroto unleader Veela_Veela
[30/12/2015][11:33:10] Rafael_Corroto make leader Veela_Veela ¹ 11
[30/12/2015][11:37:14] Rafael_Corroto unleader Veela_Veela
[30/12/2015][11:37:18] Rafael_Corroto make leader Veela_Veela ¹ 1
[30/12/2015][11:42:42] Rafael_Corroto unleader Veela_Veela
[30/12/2015][11:42:47] Rafael_Corroto make leader Veela_Veela ¹ 11
[30/12/2015][11:47:49] Rafael_Corroto unleader Veela_Veela
[30/12/2015][11:47:58] Rafael_Corroto make leader Veela_Veela ¹ 24
[30/12/2015][11:48:30] Rafael_Corroto unleader Veela_Veela
[30/12/2015][11:48:36] Rafael_Corroto make leader Veela_Veela ¹ 2
[30/12/2015][11:53:30] Rafael_Corroto unleader Veela_Veela
[30/12/2015][11:53:45] Rafael_Corroto make leader Veela_Veela ¹ 24
[30/12/2015][11:54:44] Jeffery_Walker make leader Jeffery_Walker ¹ 24
[30/12/2015][11:54:54] Jeffery_Walker unleader Jeffery_Walker
[30/12/2015][11:56:34] Rafael_Corroto unleader Veela_Veela
[30/12/2015][11:56:38] Rafael_Corroto make leader Veela_Veela ¹ 14
[30/12/2015][11:56:57] Rafael_Corroto unleader Veela_Veela
[30/12/2015][11:57:38] Rafael_Corroto make leader Veela_Veela ¹ 16
[30/12/2015][11:57:57] Rafael_Corroto unleader Veela_Veela
[30/12/2015][12:4:22] Rafael_Corroto make leader Veela_Veela ¹ 2
[30/12/2015][12:6:27] Rafael_Corroto make leader Rafael_Corroto ¹ 2
[30/12/2015][12:6:45] Rafael_Corroto unleader Rafael_Corroto
[30/12/2015][12:17:1] Rafael_Corroto unleader Veela_Veela
[30/12/2015][12:45:23] Jeffery_Walker make leader Rafael_Corroto ¹ 2
[30/12/2015][12:46:54] Jeffery_Walker unleader Rafael_Corroto
[30/12/2015][13:41:48] Jeffery_Walker make leader Rafael_Corroto ¹ 6
[30/12/2015][13:43:2] Rafael_Corroto unleader Rafael_Corroto
[30/12/2015][13:43:54] Jeffery_Walker make leader Jeffery_Walker ¹ 6
[30/12/2015][13:50:23] Jeffery_Walker unleader Jeffery_Walker
[30/12/2015][15:15:16] Jeffery_Walker make leader Jeffery_Walker ¹ 2
[30/12/2015][15:16:41] Jeffery_Walker unleader Jeffery_Walker
[31/12/2015][19:8:10] Rafael_Corroto make leader Rafael_Corroto ¹ 7
[2/1/2016][17:50:16] Rafael_Corroto unleader Rafael_Corroto
[2/1/2016][17:50:17] Rafael_Corroto make leader Rafael_Corroto ¹ 11
[2/1/2016][17:52:55] Rafael_Corroto make leader Taylor_Swift ¹ 15
[2/1/2016][17:53:14] Rafael_Corroto unleader Rafael_Corroto
[2/1/2016][17:53:18] Rafael_Corroto make leader Rafael_Corroto ¹ 15
[2/1/2016][17:53:23] Rafael_Corroto unleader Rafael_Corroto
[2/1/2016][17:54:32] Rafael_Corroto make leader Taylor_Swiftt ¹ 15
[2/1/2016][17:57:23] Rafael_Corroto make leader Rafael_Corroto ¹ 15
[2/1/2016][17:57:32] Rafael_Corroto unleader Rafael_Corroto
[2/1/2016][17:59:16] Rafael_Corroto unleader Taylor_Swift
[2/1/2016][17:59:21] Rafael_Corroto make leader Taylor_Swift ¹ 15
[2/1/2016][17:59:44] Rafael_Corroto make leader Rafael_Corroto ¹ 15
[2/1/2016][18:2:35] Rafael_Corroto unleader Rafael_Corroto
[2/1/2016][18:3:12] Rafael_Corroto make leader Rafael_Corroto ¹ 15
[2/1/2016][18:5:26] Rafael_Corroto make leader Rafael_Corrotoo ¹ 15
[2/1/2016][18:7:32] Rafael_Corroto unleader Taylor_Swift
[2/1/2016][18:16:50] Rafael_Corroto unleader Rafael_Corrotoo
[2/1/2016][18:16:59] Rafael_Corroto make leader Taylor_Swift ¹ 15
[2/1/2016][18:17:25] Rafael_Corroto make leader Rafael_Corrotoo ¹ 15
[2/1/2016][18:18:11] Rafael_Corroto unleader Taylor_Swift
[2/1/2016][18:21:37] Rafael_Corroto unleader Rafael_Corroto
[2/1/2016][18:24:26] Rafael_Corroto make leader Test_Banda ¹ 15
[2/1/2016][18:24:34] Rafael_Corroto make leader Test_Bandaa ¹ 15
[2/1/2016][18:28:52] Rafael_Corroto unleader Test_Banda
[2/1/2016][18:28:55] Rafael_Corroto make leader Test_Banda ¹ 15
[2/1/2016][18:29:44] Rafael_Corroto unleader Test_Banda
[2/1/2016][18:29:51] Rafael_Corroto make leader Test_Banda ¹ 15
[2/1/2016][18:29:59] Rafael_Corroto unleader Test_Bandaa
[2/1/2016][18:30:12] Rafael_Corroto unleader Test_Banda
[2/1/2016][18:30:17] Rafael_Corroto make leader Test_Bandaa ¹ 15
[2/1/2016][18:43:36] Rafael_Corroto make leader Rafael_Corroto ¹ 15
[2/1/2016][18:43:44] Rafael_Corroto unleader Rafael_Corroto
[2/1/2016][18:44:26] Rafael_Corroto make leader Test_Banda ¹ 15
[2/1/2016][18:52:0] Rafael_Corroto make leader Rafael_Corroto ¹ 15
[2/1/2016][18:52:9] Rafael_Corroto unleader Rafael_Corroto
[2/1/2016][18:56:17] Rafael_Corroto make leader Rafael_Corroto ¹ 15
[2/1/2016][18:56:23] Rafael_Corroto unleader Rafael_Corroto
[2/1/2016][19:0:11] Rafael_Corroto make leader Rafael_Corroto ¹ 11
[2/1/2016][19:0:17] Rafael_Corroto unleader Rafael_Corroto
[4/1/2016][9:41:59] Carlos_Corroto make leader Carlos_Corroto ¹ 5
[4/1/2016][9:42:35] Carlos_Corroto unleader Carlos_Corroto
[4/1/2016][9:42:53] Carlos_Corroto make leader Carlos_Corroto ¹ 6
[4/1/2016][9:43:10] Carlos_Corroto unleader Carlos_Corroto
[4/1/2016][9:43:18] Carlos_Corroto make leader Carlos_Corroto ¹ 14
[4/1/2016][9:43:55] Carlos_Corroto unleader Carlos_Corroto
[4/1/2016][11:11:11] Carlos_Corroto make leader Mafia_War ¹ 14
[4/1/2016][11:11:27] Carlos_Corroto make leader Carlos_Corroto ¹ 5
[4/1/2016][11:41:20] Carlos_Corroto unleader Carlos_Corroto
[4/1/2016][17:11:13] Carlos_Corroto make leader Carlos_Corroto ¹ 2
[4/1/2016][17:18:19] Carlos_Corroto unleader Carlos_Corroto
[4/1/2016][17:18:24] Carlos_Corroto make leader Carlos_Corroto ¹ 3
[4/1/2016][17:18:45] Carlos_Corroto unleader Carlos_Corroto
[4/1/2016][17:18:51] Felips_Walker make leader Felips_Walker ¹ 1
[4/1/2016][17:31:8] Carlos_Corroto make leader Carlos_Corroto ¹ 2
[4/1/2016][17:31:18] Carlos_Corroto unleader Carlos_Corroto
[7/1/2016][20:53:20] Carlos_Corroto make leader Carlos_Corroto ¹ 2
[7/1/2016][20:53:35] Carlos_Corroto unleader Carlos_Corroto
[29/1/2016][18:17:3] Carlos_Corroto off leader Test_Banda
[1/2/2016][13:10:21] Dima_Korotkov make leader Dima_Korotkov ¹ 23
[1/2/2016][13:10:54] Dima_Korotkov unleader Dima_Korotkov
[1/2/2016][13:12:12] Dima_Korotkov make leader Dima_Korotkov ¹ 1
[4/2/2016][13:57:14] Test_Test make leader Test_Test ¹ 1
[4/2/2016][13:59:32] Test_Test unleader Test_Test
[4/2/2016][13:59:50] Test_Test make leader Test_Test ¹ 14
[4/2/2016][13:59:54] Test_Test unleader Test_Test
[4/2/2016][13:59:55] Test_Test make leader Test_Test ¹ 14
[4/2/2016][13:59:57] Test_Test unleader Test_Test
[4/2/2016][13:59:59] Test_Test make leader Test_Test ¹ 17
[4/2/2016][14:0:0] Test_Test unleader Test_Test
[4/2/2016][14:0:2] Test_Test make leader Test_Test ¹ 10
[4/2/2016][14:0:4] Test_Test unleader Test_Test
[4/2/2016][14:0:5] Test_Test make leader Test_Test ¹ 12
[4/2/2016][14:0:6] Test_Test unleader Test_Test
[4/2/2016][14:0:7] Test_Test make leader Test_Test ¹ 11
[4/2/2016][14:0:9] Test_Test unleader Test_Test
[4/2/2016][14:0:10] Test_Test make leader Test_Test ¹ 13
[4/2/2016][14:0:11] Test_Test unleader Test_Test
[4/2/2016][14:0:12] Test_Test make leader Test_Test ¹ 14
[4/2/2016][14:0:13] Test_Test unleader Test_Test
[4/2/2016][14:0:15] Test_Test make leader Test_Test ¹ 15
[25/12/2016][23:16:14] Eric_Derrick make leader Eric_Derrick ¹ 15
[25/12/2016][23:16:29] Eric_Derrick unleader Eric_Derrick
[25/12/2016][23:16:31] Eric_Derrick make leader Eric_Derrick ¹ 15
[29/1/2017][1:12:49] Ewil_Capone unleader Ewil_Capone
[29/1/2017][1:12:50] Ewil_Capone make leader Ewil_Capone ¹ 15
[29/1/2017][1:12:55] Ewil_Capone unleader Ewil_Capone
[29/1/2017][1:12:56] Ewil_Capone make leader Ewil_Capone ¹ 19
[9/6/2020][5:40:46] Luis_Collins make leader Luis_Collins ¹ 1
